File_Name	CCS_PARCS
1BEB_r_26_S_0042_0001.pdb	 1434.6
1BN1_r_8_S_0046_0001.pdb	 1851.46
1CFD_r_5_S_00000342_0001.pdb	 1408.49
1DPX_r_13_S_00000369_0001.pdb	 1271.31
1EX3_r_14_S_0116_0001.pdb	 1770.79
1FD3_r_8_F_00000345_0001.pdb	 623.254
1FS3_r_9_S_00000290_0001.pdb	 1298.65
1HFX_r_18_S_00000053_0001.pdb	 1259.74
1HRC_r_10_S_00000134_0001.pdb	 1124.78
1J7N_r_40_S_0029_0001.pdb	 2205.44
1LDS_r_1_S_00000116_0001.pdb	 1222.24
1LFG_r_84_S_0014_0001.pdb	 4115
1OVA_r_167_S_0025_0001.pdb	 2563.67
1QOY_r_40_S_0160_0001.pdb	 2843.81
1UBQ_r_9_S_00000292_0001.pdb	 919.434
1VXG_r_9_S_00000480_0001.pdb	 1457.36
1YTQ_r_92_S_0035_0001.pdb	 1823.88
2MLT_r_5_S_00000327_0001.pdb	 479.12
3INS_r2_t2_21_S_0081_0001.pdb	 685.069
3QYT_r_105_S_0022_0001.pdb	 4133.83
3VWI_r_32_S_0112_0001.pdb	 1640.66
4F5S_r_49_S_0070_0001.pdb	 3983.49
4H2A_r_22_S_0248_0001.pdb	 4029.96
6DAH_r_t2_68_S_0070_0001.pdb	 1439.9
6PTI_r_12_S_00000352_0001.pdb	 792.36
